<?xml version="1.0" encoding="UTF-8" ?>
<testsuite tests="9" failures="0" name="model.state.DocumentTest" time="0.002" errors="0" skipped="0">
  <properties>
[...]
</properties>
  <testcase classname="model.state.DocumentTest" name="model.state.DocumentTest.testDoNotPublishDocument_publication" time="0.002"/>
  <testcase classname="model.state.DocumentTest" name="model.state.DocumentTest.testDoNotModerateDocument_moderation" time="0"/>
  <testcase classname="model.state.DocumentTest" name="model.state.DocumentTest.testDoNotPublishDocument_moderation" time="0"/>
  <testcase classname="model.state.DocumentTest" name="model.state.DocumentTest.testCanDraftTheDocument_publication" time="0"/>
  <testcase classname="model.state.DocumentTest" name="model.state.DocumentTest.testDoNotModerateDocument_publication" time="0"/>
  <testcase classname="model.state.DocumentTest" name="model.state.DocumentTest.testDoNotDraftDocument_draft" time="0"/>
  <testcase classname="model.state.DocumentTest" name="model.state.DocumentTest.testCanDraftTheDocument_moderation" time="0"/>
  <testcase classname="model.state.DocumentTest" name="model.state.DocumentTest.testCanModerateTheDocument_draft" time="0"/>
  <testcase classname="model.state.DocumentTest" name="model.state.DocumentTest.testDoNotPublishDocument_draft" time="0"/>
</testsuite>